{"level":"info","message":"database connected","service":"auth-service","timestamp":"2025-12-16T09:29:05.952Z"}
{"0":"a","1":"c","10":"-","11":"s","12":"h","13":"a","14":"r","15":"d","16":"-","17":"0","18":"0","19":"-","2":"-","20":"0","21":"1","22":".","23":"e","24":"i","25":"9","26":"n","27":"j","28":"2","29":"n","3":"e","30":".","31":"m","32":"o","33":"n","34":"g","35":"o","36":"d","37":"b","38":".","39":"n","4":"t","40":"e","41":"t","5":"d","6":"0","7":"h","8":"r","9":"c","level":"info","message":"database connected","service":"auth-service","timestamp":"2025-12-16T09:29:18.760Z"}
{"level":"info","message":"database connected ac-etd0hrc-shard-00-00.ei9nj2n.mongodb.net","service":"auth-service","timestamp":"2025-12-16T09:30:00.059Z"}
{"level":"info","message":"database connected ac-etd0hrc-shard-00-01.ei9nj2n.mongodb.net","service":"auth-service","timestamp":"2025-12-16T09:31:04.058Z"}
{"level":"info","message":"database connected ac-etd0hrc-shard-00-02.ei9nj2n.mongodb.net","service":"auth-service","timestamp":"2025-12-16T09:38:18.297Z"}
{"level":"info","message":"database connected ac-etd0hrc-shard-00-00.ei9nj2n.mongodb.net","service":"auth-service","timestamp":"2025-12-16T10:54:55.157Z"}
{"level":"info","message":"Auth server is running on port 3001","service":"auth-service","timestamp":"2025-12-16T10:55:36.574Z"}
{"level":"info","message":"database connected ac-etd0hrc-shard-00-01.ei9nj2n.mongodb.net","service":"auth-service","timestamp":"2025-12-16T10:55:37.415Z"}
{"level":"info","message":"Auth server is running on port 3001","service":"auth-service","timestamp":"2025-12-16T10:58:18.281Z"}
{"level":"info","message":"database connected ac-etd0hrc-shard-00-01.ei9nj2n.mongodb.net","service":"auth-service","timestamp":"2025-12-16T10:58:19.502Z"}
{"level":"info","message":"Received GET request to /api/auth/register","service":"auth-service","timestamp":"2025-12-16T11:02:29.622Z"}
{"level":"info","message":"Request body , undefined","service":"auth-service","timestamp":"2025-12-16T11:02:29.623Z"}
{"level":"error","service":"auth-service","timestamp":"2025-12-16T11:02:29.648Z"}
{"level":"info","message":"Received POST request to /api/auth/register","service":"auth-service","timestamp":"2025-12-16T11:03:54.846Z"}
{"level":"info","message":"Request body , [object Object]","service":"auth-service","timestamp":"2025-12-16T11:03:54.847Z"}
{"level":"info","message":"user registration endpoint..","service":"auth-service","timestamp":"2025-12-16T11:03:54.853Z"}
{"level":"error","message":"Registration errror occured Cannot read properties of undefined (reading '0')","service":"auth-service","stack":"TypeError: Cannot read properties of undefined (reading '0')\n    at registerUser (file:///D:/Backend/projects%20backend%20only/social_media_microservices/authservices/src/controllers/auth.controller.js:14:58)\n    at Layer.handleRequest (D:\\Backend\\projects backend only\\social_media_microservices\\authservices\\node_modules\\router\\lib\\layer.js:152:17)\n    at next (D:\\Backend\\projects backend only\\social_media_microservices\\authservices\\node_modules\\router\\lib\\route.js:157:13)\n    at Route.dispatch (D:\\Backend\\projects backend only\\social_media_microservices\\authservices\\node_modules\\router\\lib\\route.js:117:3)\n    at handle (D:\\Backend\\projects backend only\\social_media_microservices\\authservices\\node_modules\\router\\index.js:435:11)\n    at Layer.handleRequest (D:\\Backend\\projects backend only\\social_media_microservices\\authservices\\node_modules\\router\\lib\\layer.js:152:17)\n    at D:\\Backend\\projects backend only\\social_media_microservices\\authservices\\node_modules\\router\\index.js:295:15\n    at processParams (D:\\Backend\\projects backend only\\social_media_microservices\\authservices\\node_modules\\router\\index.js:582:12)\n    at next (D:\\Backend\\projects backend only\\social_media_microservices\\authservices\\node_modules\\router\\index.js:291:5)\n    at router.handle (D:\\Backend\\projects backend only\\social_media_microservices\\authservices\\node_modules\\router\\index.js:186:3)","timestamp":"2025-12-16T11:03:54.861Z"}
{"level":"info","message":"Auth server is running on port 3001","service":"auth-service","timestamp":"2025-12-16T11:05:41.611Z"}
{"level":"info","message":"database connected ac-etd0hrc-shard-00-01.ei9nj2n.mongodb.net","service":"auth-service","timestamp":"2025-12-16T11:05:42.789Z"}
{"level":"info","message":"Auth server is running on port 3001","service":"auth-service","timestamp":"2025-12-16T11:05:50.519Z"}
{"level":"info","message":"database connected ac-etd0hrc-shard-00-02.ei9nj2n.mongodb.net","service":"auth-service","timestamp":"2025-12-16T11:05:51.153Z"}
{"level":"info","message":"Received POST request to /api/auth/register","service":"auth-service","timestamp":"2025-12-16T11:05:55.619Z"}
{"level":"info","message":"Request body , [object Object]","service":"auth-service","timestamp":"2025-12-16T11:05:55.620Z"}
{"level":"info","message":"user registration endpoint..","service":"auth-service","timestamp":"2025-12-16T11:05:55.625Z"}
{"level":"error","message":"Registration errror occured Cannot read properties of undefined (reading '0')","service":"auth-service","stack":"TypeError: Cannot read properties of undefined (reading '0')\n    at registerUser (file:///D:/Backend/projects%20backend%20only/social_media_microservices/authservices/src/controllers/auth.controller.js:14:58)\n    at Layer.handleRequest (D:\\Backend\\projects backend only\\social_media_microservices\\authservices\\node_modules\\router\\lib\\layer.js:152:17)\n    at next (D:\\Backend\\projects backend only\\social_media_microservices\\authservices\\node_modules\\router\\lib\\route.js:157:13)\n    at Route.dispatch (D:\\Backend\\projects backend only\\social_media_microservices\\authservices\\node_modules\\router\\lib\\route.js:117:3)\n    at handle (D:\\Backend\\projects backend only\\social_media_microservices\\authservices\\node_modules\\router\\index.js:435:11)\n    at Layer.handleRequest (D:\\Backend\\projects backend only\\social_media_microservices\\authservices\\node_modules\\router\\lib\\layer.js:152:17)\n    at D:\\Backend\\projects backend only\\social_media_microservices\\authservices\\node_modules\\router\\index.js:295:15\n    at processParams (D:\\Backend\\projects backend only\\social_media_microservices\\authservices\\node_modules\\router\\index.js:582:12)\n    at next (D:\\Backend\\projects backend only\\social_media_microservices\\authservices\\node_modules\\router\\index.js:291:5)\n    at router.handle (D:\\Backend\\projects backend only\\social_media_microservices\\authservices\\node_modules\\router\\index.js:186:3)","timestamp":"2025-12-16T11:05:55.633Z"}
{"level":"info","message":"Auth server is running on port 3001","service":"auth-service","timestamp":"2025-12-16T11:06:11.536Z"}
{"level":"info","message":"database connected ac-etd0hrc-shard-00-02.ei9nj2n.mongodb.net","service":"auth-service","timestamp":"2025-12-16T11:06:14.242Z"}
{"level":"info","message":"Received POST request to /api/auth/register","service":"auth-service","timestamp":"2025-12-16T11:06:15.112Z"}
{"level":"info","message":"Request body , [object Object]","service":"auth-service","timestamp":"2025-12-16T11:06:15.113Z"}
{"level":"info","message":"user registration endpoint..","service":"auth-service","timestamp":"2025-12-16T11:06:15.125Z"}
{"level":"error","message":"Registration errror occured Cannot read properties of undefined (reading '0')","service":"auth-service","stack":"TypeError: Cannot read properties of undefined (reading '0')\n    at registerUser (file:///D:/Backend/projects%20backend%20only/social_media_microservices/authservices/src/controllers/auth.controller.js:14:58)\n    at Layer.handleRequest (D:\\Backend\\projects backend only\\social_media_microservices\\authservices\\node_modules\\router\\lib\\layer.js:152:17)\n    at next (D:\\Backend\\projects backend only\\social_media_microservices\\authservices\\node_modules\\router\\lib\\route.js:157:13)\n    at Route.dispatch (D:\\Backend\\projects backend only\\social_media_microservices\\authservices\\node_modules\\router\\lib\\route.js:117:3)\n    at handle (D:\\Backend\\projects backend only\\social_media_microservices\\authservices\\node_modules\\router\\index.js:435:11)\n    at Layer.handleRequest (D:\\Backend\\projects backend only\\social_media_microservices\\authservices\\node_modules\\router\\lib\\layer.js:152:17)\n    at D:\\Backend\\projects backend only\\social_media_microservices\\authservices\\node_modules\\router\\index.js:295:15\n    at processParams (D:\\Backend\\projects backend only\\social_media_microservices\\authservices\\node_modules\\router\\index.js:582:12)\n    at next (D:\\Backend\\projects backend only\\social_media_microservices\\authservices\\node_modules\\router\\index.js:291:5)\n    at router.handle (D:\\Backend\\projects backend only\\social_media_microservices\\authservices\\node_modules\\router\\index.js:186:3)","timestamp":"2025-12-16T11:06:15.133Z"}
{"level":"info","message":"Auth server is running on port 3001","service":"auth-service","timestamp":"2025-12-16T11:06:34.840Z"}
{"level":"info","message":"database connected ac-etd0hrc-shard-00-00.ei9nj2n.mongodb.net","service":"auth-service","timestamp":"2025-12-16T11:06:35.451Z"}
{"level":"info","message":"Received POST request to /api/auth/register","service":"auth-service","timestamp":"2025-12-16T11:06:37.776Z"}
{"level":"info","message":"Request body , [object Object]","service":"auth-service","timestamp":"2025-12-16T11:06:37.777Z"}
{"level":"info","message":"user registration endpoint..","service":"auth-service","timestamp":"2025-12-16T11:06:37.787Z"}
{"level":"warn","message":"validation error","service":"auth-service","timestamp":"2025-12-16T11:06:37.792Z"}
{"level":"error","message":"Registration errror occured Cannot read properties of undefined (reading '0')","service":"auth-service","stack":"TypeError: Cannot read properties of undefined (reading '0')\n    at registerUser (file:///D:/Backend/projects%20backend%20only/social_media_microservices/authservices/src/controllers/auth.controller.js:17:39)\n    at Layer.handleRequest (D:\\Backend\\projects backend only\\social_media_microservices\\authservices\\node_modules\\router\\lib\\layer.js:152:17)\n    at next (D:\\Backend\\projects backend only\\social_media_microservices\\authservices\\node_modules\\router\\lib\\route.js:157:13)\n    at Route.dispatch (D:\\Backend\\projects backend only\\social_media_microservices\\authservices\\node_modules\\router\\lib\\route.js:117:3)\n    at handle (D:\\Backend\\projects backend only\\social_media_microservices\\authservices\\node_modules\\router\\index.js:435:11)\n    at Layer.handleRequest (D:\\Backend\\projects backend only\\social_media_microservices\\authservices\\node_modules\\router\\lib\\layer.js:152:17)\n    at D:\\Backend\\projects backend only\\social_media_microservices\\authservices\\node_modules\\router\\index.js:295:15\n    at processParams (D:\\Backend\\projects backend only\\social_media_microservices\\authservices\\node_modules\\router\\index.js:582:12)\n    at next (D:\\Backend\\projects backend only\\social_media_microservices\\authservices\\node_modules\\router\\index.js:291:5)\n    at router.handle (D:\\Backend\\projects backend only\\social_media_microservices\\authservices\\node_modules\\router\\index.js:186:3)","timestamp":"2025-12-16T11:06:37.794Z"}
{"level":"info","message":"Auth server is running on port 3001","service":"auth-service","timestamp":"2025-12-16T11:06:48.473Z"}
{"level":"info","message":"database connected ac-etd0hrc-shard-00-00.ei9nj2n.mongodb.net","service":"auth-service","timestamp":"2025-12-16T11:06:49.332Z"}
{"level":"info","message":"Auth server is running on port 3001","service":"auth-service","timestamp":"2025-12-16T11:07:22.423Z"}
{"level":"info","message":"database connected ac-etd0hrc-shard-00-02.ei9nj2n.mongodb.net","service":"auth-service","timestamp":"2025-12-16T11:07:23.048Z"}
{"level":"info","message":"Received POST request to /api/auth/register","service":"auth-service","timestamp":"2025-12-16T11:07:25.030Z"}
{"level":"info","message":"Request body , [object Object]","service":"auth-service","timestamp":"2025-12-16T11:07:25.031Z"}
{"level":"info","message":"user registration endpoint..","service":"auth-service","timestamp":"2025-12-16T11:07:25.039Z"}
{"level":"error","message":"User Registration errror occured Cannot read properties of undefined (reading '0')","service":"auth-service","stack":"TypeError: Cannot read properties of undefined (reading '0')\n    at registerUser (file:///D:/Backend/projects%20backend%20only/social_media_microservices/authservices/src/controllers/auth.controller.js:14:58)\n    at Layer.handleRequest (D:\\Backend\\projects backend only\\social_media_microservices\\authservices\\node_modules\\router\\lib\\layer.js:152:17)\n    at next (D:\\Backend\\projects backend only\\social_media_microservices\\authservices\\node_modules\\router\\lib\\route.js:157:13)\n    at Route.dispatch (D:\\Backend\\projects backend only\\social_media_microservices\\authservices\\node_modules\\router\\lib\\route.js:117:3)\n    at handle (D:\\Backend\\projects backend only\\social_media_microservices\\authservices\\node_modules\\router\\index.js:435:11)\n    at Layer.handleRequest (D:\\Backend\\projects backend only\\social_media_microservices\\authservices\\node_modules\\router\\lib\\layer.js:152:17)\n    at D:\\Backend\\projects backend only\\social_media_microservices\\authservices\\node_modules\\router\\index.js:295:15\n    at processParams (D:\\Backend\\projects backend only\\social_media_microservices\\authservices\\node_modules\\router\\index.js:582:12)\n    at next (D:\\Backend\\projects backend only\\social_media_microservices\\authservices\\node_modules\\router\\index.js:291:5)\n    at router.handle (D:\\Backend\\projects backend only\\social_media_microservices\\authservices\\node_modules\\router\\index.js:186:3)","timestamp":"2025-12-16T11:07:25.047Z"}
{"level":"info","message":"Auth server is running on port 3001","service":"auth-service","timestamp":"2025-12-16T11:08:39.863Z"}
{"level":"info","message":"database connected ac-etd0hrc-shard-00-02.ei9nj2n.mongodb.net","service":"auth-service","timestamp":"2025-12-16T11:08:40.876Z"}
{"level":"info","message":"Received POST request to /api/auth/register","service":"auth-service","timestamp":"2025-12-16T11:08:49.585Z"}
{"level":"info","message":"Request body , [object Object]","service":"auth-service","timestamp":"2025-12-16T11:08:49.586Z"}
{"level":"info","message":"user registration endpoint..","service":"auth-service","timestamp":"2025-12-16T11:08:49.598Z"}
{"level":"error","message":"User Registration errror occured Cannot read properties of undefined (reading '0')","service":"auth-service","stack":"TypeError: Cannot read properties of undefined (reading '0')\n    at registerUser (file:///D:/Backend/projects%20backend%20only/social_media_microservices/authservices/src/controllers/auth.controller.js:14:58)\n    at Layer.handleRequest (D:\\Backend\\projects backend only\\social_media_microservices\\authservices\\node_modules\\router\\lib\\layer.js:152:17)\n    at next (D:\\Backend\\projects backend only\\social_media_microservices\\authservices\\node_modules\\router\\lib\\route.js:157:13)\n    at Route.dispatch (D:\\Backend\\projects backend only\\social_media_microservices\\authservices\\node_modules\\router\\lib\\route.js:117:3)\n    at handle (D:\\Backend\\projects backend only\\social_media_microservices\\authservices\\node_modules\\router\\index.js:435:11)\n    at Layer.handleRequest (D:\\Backend\\projects backend only\\social_media_microservices\\authservices\\node_modules\\router\\lib\\layer.js:152:17)\n    at D:\\Backend\\projects backend only\\social_media_microservices\\authservices\\node_modules\\router\\index.js:295:15\n    at processParams (D:\\Backend\\projects backend only\\social_media_microservices\\authservices\\node_modules\\router\\index.js:582:12)\n    at next (D:\\Backend\\projects backend only\\social_media_microservices\\authservices\\node_modules\\router\\index.js:291:5)\n    at router.handle (D:\\Backend\\projects backend only\\social_media_microservices\\authservices\\node_modules\\router\\index.js:186:3)","timestamp":"2025-12-16T11:08:49.602Z"}
{"level":"info","message":"Auth server is running on port 3001","service":"auth-service","timestamp":"2025-12-16T11:09:09.714Z"}
{"level":"info","message":"database connected ac-etd0hrc-shard-00-02.ei9nj2n.mongodb.net","service":"auth-service","timestamp":"2025-12-16T11:09:10.401Z"}
{"level":"info","message":"Received POST request to /api/auth/register","service":"auth-service","timestamp":"2025-12-16T11:09:15.665Z"}
{"level":"info","message":"Request body , [object Object]","service":"auth-service","timestamp":"2025-12-16T11:09:15.665Z"}
{"level":"info","message":"user registration endpoint..","service":"auth-service","timestamp":"2025-12-16T11:09:15.676Z"}
{"level":"error","message":"User Registration errror occured Cannot read properties of undefined (reading '0')","service":"auth-service","stack":"TypeError: Cannot read properties of undefined (reading '0')\n    at registerUser (file:///D:/Backend/projects%20backend%20only/social_media_microservices/authservices/src/controllers/auth.controller.js:14:58)\n    at Layer.handleRequest (D:\\Backend\\projects backend only\\social_media_microservices\\authservices\\node_modules\\router\\lib\\layer.js:152:17)\n    at next (D:\\Backend\\projects backend only\\social_media_microservices\\authservices\\node_modules\\router\\lib\\route.js:157:13)\n    at Route.dispatch (D:\\Backend\\projects backend only\\social_media_microservices\\authservices\\node_modules\\router\\lib\\route.js:117:3)\n    at handle (D:\\Backend\\projects backend only\\social_media_microservices\\authservices\\node_modules\\router\\index.js:435:11)\n    at Layer.handleRequest (D:\\Backend\\projects backend only\\social_media_microservices\\authservices\\node_modules\\router\\lib\\layer.js:152:17)\n    at D:\\Backend\\projects backend only\\social_media_microservices\\authservices\\node_modules\\router\\index.js:295:15\n    at processParams (D:\\Backend\\projects backend only\\social_media_microservices\\authservices\\node_modules\\router\\index.js:582:12)\n    at next (D:\\Backend\\projects backend only\\social_media_microservices\\authservices\\node_modules\\router\\index.js:291:5)\n    at router.handle (D:\\Backend\\projects backend only\\social_media_microservices\\authservices\\node_modules\\router\\index.js:186:3)","timestamp":"2025-12-16T11:09:15.681Z"}
{"level":"info","message":"Received POST request to /api/auth/register","service":"auth-service","timestamp":"2025-12-16T11:09:22.048Z"}
{"level":"info","message":"Request body , [object Object]","service":"auth-service","timestamp":"2025-12-16T11:09:22.049Z"}
{"level":"info","message":"user registration endpoint..","service":"auth-service","timestamp":"2025-12-16T11:09:22.051Z"}
{"level":"error","message":"User Registration errror occured Cannot read properties of undefined (reading '0')","service":"auth-service","stack":"TypeError: Cannot read properties of undefined (reading '0')\n    at registerUser (file:///D:/Backend/projects%20backend%20only/social_media_microservices/authservices/src/controllers/auth.controller.js:14:58)\n    at Layer.handleRequest (D:\\Backend\\projects backend only\\social_media_microservices\\authservices\\node_modules\\router\\lib\\layer.js:152:17)\n    at next (D:\\Backend\\projects backend only\\social_media_microservices\\authservices\\node_modules\\router\\lib\\route.js:157:13)\n    at Route.dispatch (D:\\Backend\\projects backend only\\social_media_microservices\\authservices\\node_modules\\router\\lib\\route.js:117:3)\n    at handle (D:\\Backend\\projects backend only\\social_media_microservices\\authservices\\node_modules\\router\\index.js:435:11)\n    at Layer.handleRequest (D:\\Backend\\projects backend only\\social_media_microservices\\authservices\\node_modules\\router\\lib\\layer.js:152:17)\n    at D:\\Backend\\projects backend only\\social_media_microservices\\authservices\\node_modules\\router\\index.js:295:15\n    at processParams (D:\\Backend\\projects backend only\\social_media_microservices\\authservices\\node_modules\\router\\index.js:582:12)\n    at next (D:\\Backend\\projects backend only\\social_media_microservices\\authservices\\node_modules\\router\\index.js:291:5)\n    at router.handle (D:\\Backend\\projects backend only\\social_media_microservices\\authservices\\node_modules\\router\\index.js:186:3)","timestamp":"2025-12-16T11:09:22.053Z"}
{"level":"info","message":"Auth server is running on port 3001","service":"auth-service","timestamp":"2025-12-16T11:13:29.694Z"}
{"level":"info","message":"database connected ac-etd0hrc-shard-00-00.ei9nj2n.mongodb.net","service":"auth-service","timestamp":"2025-12-16T11:13:30.822Z"}
{"level":"info","message":"Received POST request to /api/auth/register","service":"auth-service","timestamp":"2025-12-16T11:13:37.612Z"}
{"level":"info","message":"Request body , [object Object]","service":"auth-service","timestamp":"2025-12-16T11:13:37.613Z"}
{"level":"info","message":"user registration endpoint..","service":"auth-service","timestamp":"2025-12-16T11:13:37.626Z"}
{"buffer":{"data":[105,65,62,225,124,192,188,2,34,156,154,82],"type":"Buffer"},"level":"warn","message":"User saved successfully","service":"auth-service","timestamp":"2025-12-16T11:13:38.009Z"}
{"level":"info","message":"Auth server is running on port 3001","service":"auth-service","timestamp":"2025-12-16T11:22:19.378Z"}
{"level":"info","message":"Received POST request to /api/auth/register","service":"auth-service","timestamp":"2025-12-16T11:22:19.441Z"}
{"level":"info","message":"Request body , [object Object]","service":"auth-service","timestamp":"2025-12-16T11:22:19.442Z"}
{"level":"info","message":"user registration endpoint..","service":"auth-service","timestamp":"2025-12-16T11:22:19.578Z"}
{"level":"info","message":"database connected ac-etd0hrc-shard-00-00.ei9nj2n.mongodb.net","service":"auth-service","timestamp":"2025-12-16T11:22:20.343Z"}
{"level":"warn","message":"User already exists","service":"auth-service","timestamp":"2025-12-16T11:22:20.807Z"}
{"level":"info","message":"Received POST request to /api/auth/register","service":"auth-service","timestamp":"2025-12-16T11:22:30.012Z"}
{"level":"info","message":"Request body , [object Object]","service":"auth-service","timestamp":"2025-12-16T11:22:30.012Z"}
{"level":"info","message":"user registration endpoint..","service":"auth-service","timestamp":"2025-12-16T11:22:30.015Z"}
{"0":"\"","1":"u","10":" ","11":"l","12":"e","13":"n","14":"g","15":"t","16":"h","17":" ","18":"m","19":"u","2":"s","20":"s","21":"t","22":" ","23":"b","24":"e","25":" ","26":"a","27":"t","28":" ","29":"l","3":"e","30":"e","31":"a","32":"s","33":"t","34":" ","35":"3","36":" ","37":"c","38":"h","39":"a","4":"r","40":"r","41":"a","42":"c","43":"t","44":"e","45":"r","46":"s","47":" ","48":"l","49":"o","5":"n","50":"n","51":"g","6":"a","7":"m","8":"e","9":"\"","level":"warn","message":"validation error","service":"auth-service","timestamp":"2025-12-16T11:22:30.018Z"}
{"level":"info","message":"Received POST request to /api/auth/register","service":"auth-service","timestamp":"2025-12-16T11:22:41.100Z"}
{"level":"info","message":"Request body , [object Object]","service":"auth-service","timestamp":"2025-12-16T11:22:41.100Z"}
{"level":"info","message":"user registration endpoint..","service":"auth-service","timestamp":"2025-12-16T11:22:41.103Z"}
{"0":"\"","1":"u","10":" ","11":"l","12":"e","13":"n","14":"g","15":"t","16":"h","17":" ","18":"m","19":"u","2":"s","20":"s","21":"t","22":" ","23":"b","24":"e","25":" ","26":"a","27":"t","28":" ","29":"l","3":"e","30":"e","31":"a","32":"s","33":"t","34":" ","35":"3","36":" ","37":"c","38":"h","39":"a","4":"r","40":"r","41":"a","42":"c","43":"t","44":"e","45":"r","46":"s","47":" ","48":"l","49":"o","5":"n","50":"n","51":"g","6":"a","7":"m","8":"e","9":"\"","level":"warn","message":"validation error","service":"auth-service","timestamp":"2025-12-16T11:22:41.105Z"}
{"level":"info","message":"Received POST request to /api/auth/register","service":"auth-service","timestamp":"2025-12-16T11:23:14.386Z"}
{"level":"info","message":"Request body , [object Object]","service":"auth-service","timestamp":"2025-12-16T11:23:14.387Z"}
{"level":"info","message":"user registration endpoint..","service":"auth-service","timestamp":"2025-12-16T11:23:14.390Z"}
{"0":"\"","1":"u","10":" ","11":"l","12":"e","13":"n","14":"g","15":"t","16":"h","17":" ","18":"m","19":"u","2":"s","20":"s","21":"t","22":" ","23":"b","24":"e","25":" ","26":"a","27":"t","28":" ","29":"l","3":"e","30":"e","31":"a","32":"s","33":"t","34":" ","35":"3","36":" ","37":"c","38":"h","39":"a","4":"r","40":"r","41":"a","42":"c","43":"t","44":"e","45":"r","46":"s","47":" ","48":"l","49":"o","5":"n","50":"n","51":"g","6":"a","7":"m","8":"e","9":"\"","level":"warn","message":"validation error","service":"auth-service","timestamp":"2025-12-16T11:23:14.391Z"}
{"level":"info","message":"Auth server is running on port 3001","service":"auth-service","timestamp":"2025-12-17T12:02:25.867Z"}
{"level":"info","message":"database connected ac-etd0hrc-shard-00-02.ei9nj2n.mongodb.net","service":"auth-service","timestamp":"2025-12-17T12:02:26.855Z"}
{"level":"info","message":"Received POST request to /api/auth/register","service":"auth-service","timestamp":"2025-12-17T12:10:12.927Z"}
{"level":"info","message":"Request body , [object Object]","service":"auth-service","timestamp":"2025-12-17T12:10:12.928Z"}
{"level":"info","message":"user registration endpoint..","service":"auth-service","timestamp":"2025-12-17T12:10:12.942Z"}
{"0":"\"","1":"u","10":" ","11":"l","12":"e","13":"n","14":"g","15":"t","16":"h","17":" ","18":"m","19":"u","2":"s","20":"s","21":"t","22":" ","23":"b","24":"e","25":" ","26":"a","27":"t","28":" ","29":"l","3":"e","30":"e","31":"a","32":"s","33":"t","34":" ","35":"3","36":" ","37":"c","38":"h","39":"a","4":"r","40":"r","41":"a","42":"c","43":"t","44":"e","45":"r","46":"s","47":" ","48":"l","49":"o","5":"n","50":"n","51":"g","6":"a","7":"m","8":"e","9":"\"","level":"warn","message":"validation error","service":"auth-service","timestamp":"2025-12-17T12:10:12.952Z"}
{"level":"info","message":"Received POST request to /api/auth/register","service":"auth-service","timestamp":"2025-12-17T12:10:30.401Z"}
{"level":"info","message":"Request body , [object Object]","service":"auth-service","timestamp":"2025-12-17T12:10:30.402Z"}
{"level":"info","message":"user registration endpoint..","service":"auth-service","timestamp":"2025-12-17T12:10:30.407Z"}
{"level":"warn","message":"User already exists","service":"auth-service","timestamp":"2025-12-17T12:10:30.486Z"}
{"level":"info","message":"Received POST request to /api/auth/register","service":"auth-service","timestamp":"2025-12-17T12:10:37.330Z"}
{"level":"info","message":"Request body , [object Object]","service":"auth-service","timestamp":"2025-12-17T12:10:37.331Z"}
{"level":"info","message":"user registration endpoint..","service":"auth-service","timestamp":"2025-12-17T12:10:37.335Z"}
{"buffer":{"data":[105,66,157,189,42,202,88,4,65,82,109,22],"type":"Buffer"},"level":"warn","message":"User saved successfully","service":"auth-service","timestamp":"2025-12-17T12:10:37.710Z"}
{"level":"info","message":"Received POST request to /api/auth/register","service":"auth-service","timestamp":"2025-12-17T12:12:43.927Z"}
{"level":"info","message":"Request body , [object Object]","service":"auth-service","timestamp":"2025-12-17T12:12:43.928Z"}
{"level":"info","message":"user registration endpoint..","service":"auth-service","timestamp":"2025-12-17T12:12:43.930Z"}
{"level":"warn","message":"User already exists","service":"auth-service","timestamp":"2025-12-17T12:12:43.988Z"}
{"level":"info","message":"Auth server is running on port 3001","service":"auth-service","timestamp":"2025-12-17T12:13:47.459Z"}
{"level":"info","message":"database connected ac-etd0hrc-shard-00-01.ei9nj2n.mongodb.net","service":"auth-service","timestamp":"2025-12-17T12:13:48.666Z"}
{"level":"info","message":"Auth server is running on port 3001","service":"auth-service","timestamp":"2025-12-19T09:08:42.371Z"}
{"level":"info","message":"database connected ac-etd0hrc-shard-00-02.ei9nj2n.mongodb.net","service":"auth-service","timestamp":"2025-12-19T09:08:43.308Z"}
{"level":"info","message":"Received POST request to /api/auth/login","service":"auth-service","timestamp":"2025-12-19T09:08:47.374Z"}
{"level":"info","message":"Request body , [object Object]","service":"auth-service","timestamp":"2025-12-19T09:08:47.375Z"}
{"level":"info","message":"Login endpoint hit...","service":"auth-service","timestamp":"2025-12-19T09:08:47.383Z"}
{"level":"error","message":"Login error occured Cannot destructure property 'error' of 'validateLogin(...)' as it is undefined.","service":"auth-service","stack":"TypeError: Cannot destructure property 'error' of 'validateLogin(...)' as it is undefined.\n    at loginUser (file:///D:/Backend/projects%20backend%20only/social_media_microservices/authservices/src/controllers/auth.controller.js:58:17)\n    at Layer.handleRequest (D:\\Backend\\projects backend only\\social_media_microservices\\authservices\\node_modules\\router\\lib\\layer.js:152:17)\n    at next (D:\\Backend\\projects backend only\\social_media_microservices\\authservices\\node_modules\\router\\lib\\route.js:157:13)\n    at Route.dispatch (D:\\Backend\\projects backend only\\social_media_microservices\\authservices\\node_modules\\router\\lib\\route.js:117:3)\n    at handle (D:\\Backend\\projects backend only\\social_media_microservices\\authservices\\node_modules\\router\\index.js:435:11)\n    at Layer.handleRequest (D:\\Backend\\projects backend only\\social_media_microservices\\authservices\\node_modules\\router\\lib\\layer.js:152:17)\n    at D:\\Backend\\projects backend only\\social_media_microservices\\authservices\\node_modules\\router\\index.js:295:15\n    at processParams (D:\\Backend\\projects backend only\\social_media_microservices\\authservices\\node_modules\\router\\index.js:582:12)\n    at next (D:\\Backend\\projects backend only\\social_media_microservices\\authservices\\node_modules\\router\\index.js:291:5)\n    at router.handle (D:\\Backend\\projects backend only\\social_media_microservices\\authservices\\node_modules\\router\\index.js:186:3)","timestamp":"2025-12-19T09:08:47.394Z"}
{"level":"info","message":"Received POST request to /api/auth/login","service":"auth-service","timestamp":"2025-12-19T09:09:59.179Z"}
{"level":"info","message":"Request body , [object Object]","service":"auth-service","timestamp":"2025-12-19T09:09:59.180Z"}
{"level":"info","message":"Login endpoint hit...","service":"auth-service","timestamp":"2025-12-19T09:09:59.183Z"}
{"level":"error","message":"Login error occured Cannot destructure property 'error' of 'validateLogin(...)' as it is undefined.","service":"auth-service","stack":"TypeError: Cannot destructure property 'error' of 'validateLogin(...)' as it is undefined.\n    at loginUser (file:///D:/Backend/projects%20backend%20only/social_media_microservices/authservices/src/controllers/auth.controller.js:58:17)\n    at Layer.handleRequest (D:\\Backend\\projects backend only\\social_media_microservices\\authservices\\node_modules\\router\\lib\\layer.js:152:17)\n    at next (D:\\Backend\\projects backend only\\social_media_microservices\\authservices\\node_modules\\router\\lib\\route.js:157:13)\n    at Route.dispatch (D:\\Backend\\projects backend only\\social_media_microservices\\authservices\\node_modules\\router\\lib\\route.js:117:3)\n    at handle (D:\\Backend\\projects backend only\\social_media_microservices\\authservices\\node_modules\\router\\index.js:435:11)\n    at Layer.handleRequest (D:\\Backend\\projects backend only\\social_media_microservices\\authservices\\node_modules\\router\\lib\\layer.js:152:17)\n    at D:\\Backend\\projects backend only\\social_media_microservices\\authservices\\node_modules\\router\\index.js:295:15\n    at processParams (D:\\Backend\\projects backend only\\social_media_microservices\\authservices\\node_modules\\router\\index.js:582:12)\n    at next (D:\\Backend\\projects backend only\\social_media_microservices\\authservices\\node_modules\\router\\index.js:291:5)\n    at router.handle (D:\\Backend\\projects backend only\\social_media_microservices\\authservices\\node_modules\\router\\index.js:186:3)","timestamp":"2025-12-19T09:09:59.184Z"}
{"level":"info","message":"Auth server is running on port 3001","service":"auth-service","timestamp":"2025-12-19T09:11:37.818Z"}
{"level":"info","message":"database connected ac-etd0hrc-shard-00-02.ei9nj2n.mongodb.net","service":"auth-service","timestamp":"2025-12-19T09:11:39.024Z"}
{"level":"info","message":"Received POST request to /api/auth/login","service":"auth-service","timestamp":"2025-12-19T09:11:41.388Z"}
{"level":"info","message":"Request body , [object Object]","service":"auth-service","timestamp":"2025-12-19T09:11:41.389Z"}
{"level":"info","message":"Login endpoint hit...","service":"auth-service","timestamp":"2025-12-19T09:11:41.394Z"}
{"level":"info","message":"Auth server is running on port 3001","service":"auth-service","timestamp":"2025-12-19T09:13:38.166Z"}
{"level":"info","message":"database connected ac-etd0hrc-shard-00-01.ei9nj2n.mongodb.net","service":"auth-service","timestamp":"2025-12-19T09:13:39.146Z"}
{"level":"info","message":"Received POST request to /api/auth/login","service":"auth-service","timestamp":"2025-12-19T09:13:42.658Z"}
{"level":"info","message":"Request body , [object Object]","service":"auth-service","timestamp":"2025-12-19T09:13:42.659Z"}
{"level":"info","message":"Login endpoint hit...","service":"auth-service","timestamp":"2025-12-19T09:13:42.667Z"}
{"level":"info","message":"Auth server is running on port 3001","service":"auth-service","timestamp":"2025-12-19T09:21:12.116Z"}
{"level":"info","message":"database connected ac-etd0hrc-shard-00-01.ei9nj2n.mongodb.net","service":"auth-service","timestamp":"2025-12-19T09:21:13.102Z"}
{"level":"info","message":"Auth server is running on port 3001","service":"auth-service","timestamp":"2025-12-19T09:32:45.312Z"}
{"level":"info","message":"database connected ac-etd0hrc-shard-00-00.ei9nj2n.mongodb.net","service":"auth-service","timestamp":"2025-12-19T09:32:46.342Z"}
{"level":"info","message":"Auth server is running on port 3001","service":"auth-service","timestamp":"2025-12-19T09:50:51.678Z"}
{"level":"info","message":"database connected ac-etd0hrc-shard-00-00.ei9nj2n.mongodb.net","service":"auth-service","timestamp":"2025-12-19T09:50:52.850Z"}
{"level":"info","message":"Auth server is running on port 3001","service":"auth-service","timestamp":"2025-12-19T10:05:48.715Z"}
{"level":"info","message":"database connected ac-etd0hrc-shard-00-02.ei9nj2n.mongodb.net","service":"auth-service","timestamp":"2025-12-19T10:05:49.887Z"}
{"level":"info","message":"Auth server is running on port 3001","service":"auth-service","timestamp":"2025-12-19T10:11:00.479Z"}
{"level":"info","message":"database connected ac-etd0hrc-shard-00-01.ei9nj2n.mongodb.net","service":"auth-service","timestamp":"2025-12-19T10:11:01.502Z"}
{"level":"info","message":"Auth server is running on port 3001","service":"auth-service","timestamp":"2025-12-19T10:11:39.677Z"}
{"level":"info","message":"database connected ac-etd0hrc-shard-00-01.ei9nj2n.mongodb.net","service":"auth-service","timestamp":"2025-12-19T10:11:40.347Z"}
{"level":"info","message":"Auth server is running on port 3001","service":"auth-service","timestamp":"2025-12-19T10:33:09.217Z"}
{"level":"info","message":"database connected ac-etd0hrc-shard-00-00.ei9nj2n.mongodb.net","service":"auth-service","timestamp":"2025-12-19T10:33:10.176Z"}
{"level":"info","message":"Received POST request to /api/auth/login","service":"auth-service","timestamp":"2025-12-19T10:47:31.931Z"}
{"level":"info","message":"Request body , [object Object]","service":"auth-service","timestamp":"2025-12-19T10:47:31.933Z"}
{"level":"info","message":"Login endpoint hit...","service":"auth-service","timestamp":"2025-12-19T10:47:31.955Z"}
{"level":"info","message":"Received POST request to /api/auth/login","service":"auth-service","timestamp":"2025-12-19T10:59:59.137Z"}
{"level":"info","message":"Request body , [object Object]","service":"auth-service","timestamp":"2025-12-19T10:59:59.138Z"}
{"level":"info","message":"Login endpoint hit...","service":"auth-service","timestamp":"2025-12-19T10:59:59.140Z"}
{"level":"info","message":"Auth server is running on port 3001","service":"auth-service","timestamp":"2025-12-19T11:00:12.294Z"}
{"level":"info","message":"database connected ac-etd0hrc-shard-00-02.ei9nj2n.mongodb.net","service":"auth-service","timestamp":"2025-12-19T11:00:13.496Z"}
{"level":"info","message":"Received POST request to /api/auth/login","service":"auth-service","timestamp":"2025-12-19T11:00:14.872Z"}
{"level":"info","message":"Request body , [object Object]","service":"auth-service","timestamp":"2025-12-19T11:00:14.873Z"}
{"level":"info","message":"Login endpoint hit...","service":"auth-service","timestamp":"2025-12-19T11:00:14.884Z"}
{"level":"info","message":"Auth server is running on port 3001","service":"auth-service","timestamp":"2025-12-19T11:00:29.465Z"}
{"level":"info","message":"database connected ac-etd0hrc-shard-00-01.ei9nj2n.mongodb.net","service":"auth-service","timestamp":"2025-12-19T11:00:30.131Z"}
{"level":"info","message":"Auth server is running on port 3001","service":"auth-service","timestamp":"2025-12-19T11:01:20.571Z"}
{"level":"info","message":"database connected ac-etd0hrc-shard-00-02.ei9nj2n.mongodb.net","service":"auth-service","timestamp":"2025-12-19T11:01:21.605Z"}
{"level":"info","message":"Received POST request to /api/auth/login","service":"auth-service","timestamp":"2025-12-19T11:01:25.286Z"}
{"level":"info","message":"Request body , [object Object]","service":"auth-service","timestamp":"2025-12-19T11:01:25.287Z"}
{"level":"info","message":"Login endpoint hit...","service":"auth-service","timestamp":"2025-12-19T11:01:25.300Z"}
{"level":"info","message":"Received POST request to /api/auth/refresh","service":"auth-service","timestamp":"2025-12-19T11:01:40.277Z"}
{"level":"info","message":"Request body , [object Object]","service":"auth-service","timestamp":"2025-12-19T11:01:40.278Z"}
{"level":"error","service":"auth-service","timestamp":"2025-12-19T11:01:40.284Z"}
{"level":"info","message":"Received POST request to /api/auth/login","service":"auth-service","timestamp":"2025-12-19T11:01:59.268Z"}
{"level":"info","message":"Request body , [object Object]","service":"auth-service","timestamp":"2025-12-19T11:01:59.269Z"}
{"level":"info","message":"Login endpoint hit...","service":"auth-service","timestamp":"2025-12-19T11:01:59.273Z"}
{"level":"info","message":"Received POST request to /api/auth/refresh","service":"auth-service","timestamp":"2025-12-19T11:02:28.657Z"}
{"level":"info","message":"Request body , [object Object]","service":"auth-service","timestamp":"2025-12-19T11:02:28.658Z"}
{"level":"error","service":"auth-service","timestamp":"2025-12-19T11:02:28.662Z"}
{"level":"info","message":"Received POST request to /api/auth/refresh","service":"auth-service","timestamp":"2025-12-19T11:03:41.940Z"}
{"level":"info","message":"Request body , [object Object]","service":"auth-service","timestamp":"2025-12-19T11:03:41.942Z"}
{"level":"error","service":"auth-service","timestamp":"2025-12-19T11:03:41.945Z"}
{"level":"info","message":"Received POST request to /api/auth/refresh","service":"auth-service","timestamp":"2025-12-19T11:04:03.161Z"}
{"level":"info","message":"Request body , [object Object]","service":"auth-service","timestamp":"2025-12-19T11:04:03.162Z"}
{"level":"error","service":"auth-service","timestamp":"2025-12-19T11:04:03.166Z"}
{"level":"info","message":"Received POST request to /api/auth/refresh","service":"auth-service","timestamp":"2025-12-19T11:06:11.233Z"}
{"level":"info","message":"Request body , [object Object]","service":"auth-service","timestamp":"2025-12-19T11:06:11.236Z"}
{"level":"error","service":"auth-service","timestamp":"2025-12-19T11:06:11.238Z"}
{"level":"info","message":"Auth server is running on port 3001","service":"auth-service","timestamp":"2025-12-19T11:06:33.326Z"}
{"level":"info","message":"database connected ac-etd0hrc-shard-00-00.ei9nj2n.mongodb.net","service":"auth-service","timestamp":"2025-12-19T11:06:34.558Z"}
{"level":"info","message":"Received POST request to /api/auth/login","service":"auth-service","timestamp":"2025-12-19T11:06:47.456Z"}
{"level":"info","message":"Request body , [object Object]","service":"auth-service","timestamp":"2025-12-19T11:06:47.458Z"}
{"level":"info","message":"Login endpoint hit...","service":"auth-service","timestamp":"2025-12-19T11:06:47.468Z"}
{"level":"info","message":"Auth server is running on port 3001","service":"auth-service","timestamp":"2025-12-19T11:08:13.080Z"}
{"level":"info","message":"database connected ac-etd0hrc-shard-00-01.ei9nj2n.mongodb.net","service":"auth-service","timestamp":"2025-12-19T11:08:14.129Z"}
{"level":"info","message":"Received POST request to /api/auth/login","service":"auth-service","timestamp":"2025-12-19T11:08:23.106Z"}
{"level":"info","message":"Request body , [object Object]","service":"auth-service","timestamp":"2025-12-19T11:08:23.107Z"}
{"level":"info","message":"Login endpoint hit...","service":"auth-service","timestamp":"2025-12-19T11:08:23.116Z"}
{"level":"info","message":"Received POST request to /api/auth/refresh","service":"auth-service","timestamp":"2025-12-19T11:08:31.478Z"}
{"level":"info","message":"Request body , [object Object]","service":"auth-service","timestamp":"2025-12-19T11:08:31.484Z"}
{"level":"error","service":"auth-service","timestamp":"2025-12-19T11:08:31.492Z"}
{"level":"info","message":"Auth server is running on port 3001","service":"auth-service","timestamp":"2025-12-19T11:08:52.816Z"}
{"level":"info","message":"database connected ac-etd0hrc-shard-00-01.ei9nj2n.mongodb.net","service":"auth-service","timestamp":"2025-12-19T11:08:53.515Z"}
{"level":"info","message":"Received POST request to /api/auth/refresh","service":"auth-service","timestamp":"2025-12-19T11:09:06.884Z"}
{"level":"info","message":"Request body , [object Object]","service":"auth-service","timestamp":"2025-12-19T11:09:06.886Z"}
{"level":"error","service":"auth-service","timestamp":"2025-12-19T11:09:06.895Z"}
{"level":"info","message":"Received POST request to /api/auth/refresh","service":"auth-service","timestamp":"2025-12-19T11:09:44.806Z"}
{"level":"info","message":"Request body , [object Object]","service":"auth-service","timestamp":"2025-12-19T11:09:44.808Z"}
{"level":"error","service":"auth-service","timestamp":"2025-12-19T11:09:44.812Z"}
{"level":"info","message":"Auth server is running on port 3001","service":"auth-service","timestamp":"2025-12-19T11:10:13.601Z"}
{"level":"info","message":"database connected ac-etd0hrc-shard-00-01.ei9nj2n.mongodb.net","service":"auth-service","timestamp":"2025-12-19T11:10:14.647Z"}
{"level":"info","message":"Received POST request to /api/auth/refresh","service":"auth-service","timestamp":"2025-12-19T11:10:18.823Z"}
{"level":"info","message":"Request body , [object Object]","service":"auth-service","timestamp":"2025-12-19T11:10:18.825Z"}
{"level":"error","service":"auth-service","timestamp":"2025-12-19T11:10:18.836Z"}
{"level":"info","message":"Auth server is running on port 3001","service":"auth-service","timestamp":"2025-12-19T11:11:25.289Z"}
{"level":"info","message":"database connected ac-etd0hrc-shard-00-01.ei9nj2n.mongodb.net","service":"auth-service","timestamp":"2025-12-19T11:11:26.331Z"}
{"level":"info","message":"Received POST request to /api/auth/refresh","service":"auth-service","timestamp":"2025-12-19T11:11:28.075Z"}
{"level":"info","message":"Request body , [object Object]","service":"auth-service","timestamp":"2025-12-19T11:11:28.077Z"}
{"level":"error","service":"auth-service","timestamp":"2025-12-19T11:11:28.086Z"}
{"level":"info","message":"Auth server is running on port 3001","service":"auth-service","timestamp":"2025-12-19T11:12:18.373Z"}
{"level":"info","message":"database connected ac-etd0hrc-shard-00-00.ei9nj2n.mongodb.net","service":"auth-service","timestamp":"2025-12-19T11:12:19.100Z"}
{"level":"info","message":"Received POST request to /api/auth/refresh","service":"auth-service","timestamp":"2025-12-19T11:12:21.450Z"}
{"level":"info","message":"Request body , [object Object]","service":"auth-service","timestamp":"2025-12-19T11:12:21.451Z"}
{"level":"error","service":"auth-service","timestamp":"2025-12-19T11:12:21.461Z"}
{"level":"info","message":"Received POST request to /api/auth/refresh","service":"auth-service","timestamp":"2025-12-19T11:13:44.588Z"}
{"level":"info","message":"Request body , [object Object]","service":"auth-service","timestamp":"2025-12-19T11:13:44.589Z"}
{"level":"error","service":"auth-service","timestamp":"2025-12-19T11:13:44.594Z"}
{"level":"info","message":"Received POST request to /api/auth/refresh","service":"auth-service","timestamp":"2025-12-19T11:22:41.458Z"}
{"level":"info","message":"Request body , [object Object]","service":"auth-service","timestamp":"2025-12-19T11:22:41.459Z"}
{"level":"error","service":"auth-service","timestamp":"2025-12-19T11:22:41.461Z"}
{"level":"info","message":"Received POST request to /api/auth/refresh","service":"auth-service","timestamp":"2025-12-19T11:23:18.598Z"}
{"level":"info","message":"Request body , [object Object]","service":"auth-service","timestamp":"2025-12-19T11:23:18.599Z"}
{"level":"error","service":"auth-service","timestamp":"2025-12-19T11:23:18.600Z"}
{"level":"info","message":"Received POST request to /api/auth/refresh","service":"auth-service","timestamp":"2025-12-19T11:23:38.835Z"}
{"level":"info","message":"Request body , [object Object]","service":"auth-service","timestamp":"2025-12-19T11:23:38.835Z"}
{"level":"error","service":"auth-service","timestamp":"2025-12-19T11:23:38.838Z"}
{"level":"info","message":"Auth server is running on port 3001","service":"auth-service","timestamp":"2025-12-19T11:24:11.335Z"}
{"level":"info","message":"Received POST request to /api/auth/refresh","service":"auth-service","timestamp":"2025-12-19T11:24:11.824Z"}
{"level":"info","message":"Request body , [object Object]","service":"auth-service","timestamp":"2025-12-19T11:24:11.825Z"}
{"level":"error","service":"auth-service","timestamp":"2025-12-19T11:24:11.838Z"}
{"level":"info","message":"database connected ac-etd0hrc-shard-00-01.ei9nj2n.mongodb.net","service":"auth-service","timestamp":"2025-12-19T11:24:12.463Z"}
{"level":"info","message":"Received POST request to /api/auth/refresh","service":"auth-service","timestamp":"2025-12-19T11:24:19.168Z"}
{"level":"info","message":"Request body , [object Object]","service":"auth-service","timestamp":"2025-12-19T11:24:19.169Z"}
{"level":"error","service":"auth-service","timestamp":"2025-12-19T11:24:19.172Z"}
{"level":"info","message":"Auth server is running on port 3001","service":"auth-service","timestamp":"2025-12-19T11:24:41.973Z"}
{"level":"info","message":"database connected ac-etd0hrc-shard-00-01.ei9nj2n.mongodb.net","service":"auth-service","timestamp":"2025-12-19T11:24:42.637Z"}
{"level":"info","message":"Received POST request to /api/auth/refresh","service":"auth-service","timestamp":"2025-12-19T11:24:44.521Z"}
{"level":"info","message":"Request body , [object Object]","service":"auth-service","timestamp":"2025-12-19T11:24:44.521Z"}
{"level":"error","service":"auth-service","timestamp":"2025-12-19T11:24:44.526Z"}
{"level":"info","message":"Auth server is running on port 3001","service":"auth-service","timestamp":"2025-12-19T11:26:01.978Z"}
{"level":"info","message":"database connected ac-etd0hrc-shard-00-02.ei9nj2n.mongodb.net","service":"auth-service","timestamp":"2025-12-19T11:26:03.119Z"}
{"level":"info","message":"Auth server is running on port 3001","service":"auth-service","timestamp":"2025-12-19T11:26:13.837Z"}
{"level":"info","message":"database connected ac-etd0hrc-shard-00-00.ei9nj2n.mongodb.net","service":"auth-service","timestamp":"2025-12-19T11:26:14.530Z"}
{"level":"info","message":"Received POST request to /api/auth/refresh","service":"auth-service","timestamp":"2025-12-19T11:26:30.033Z"}
{"level":"info","message":"Request body , [object Object]","service":"auth-service","timestamp":"2025-12-19T11:26:30.034Z"}
{"level":"error","service":"auth-service","timestamp":"2025-12-19T11:26:30.038Z"}
{"level":"info","message":"Received POST request to /api/auth/refresh","service":"auth-service","timestamp":"2025-12-19T11:27:08.424Z"}
{"level":"info","message":"Request body , [object Object]","service":"auth-service","timestamp":"2025-12-19T11:27:08.425Z"}
{"level":"error","service":"auth-service","timestamp":"2025-12-19T11:27:08.427Z"}
{"level":"info","message":"Auth server is running on port 3001","service":"auth-service","timestamp":"2025-12-19T11:29:11.163Z"}
{"level":"info","message":"database connected ac-etd0hrc-shard-00-00.ei9nj2n.mongodb.net","service":"auth-service","timestamp":"2025-12-19T11:29:12.291Z"}
{"level":"info","message":"Auth server is running on port 3001","service":"auth-service","timestamp":"2025-12-19T11:29:29.895Z"}
{"level":"info","message":"database connected ac-etd0hrc-shard-00-02.ei9nj2n.mongodb.net","service":"auth-service","timestamp":"2025-12-19T11:29:30.592Z"}
{"level":"info","message":"Received POST request to /api/auth/refresh","service":"auth-service","timestamp":"2025-12-19T11:29:36.708Z"}
{"level":"info","message":"Request body , [object Object]","service":"auth-service","timestamp":"2025-12-19T11:29:36.708Z"}
{"level":"error","service":"auth-service","timestamp":"2025-12-19T11:29:36.712Z"}
{"level":"info","message":"Received POST request to /api/auth/refresh-token","service":"auth-service","timestamp":"2025-12-19T11:31:54.029Z"}
{"level":"info","message":"Request body , [object Object]","service":"auth-service","timestamp":"2025-12-19T11:31:54.030Z"}
{"level":"info","message":"Refresh token endpoint hit...","service":"auth-service","timestamp":"2025-12-19T11:31:54.034Z"}
{"level":"info","message":"Received POST request to /api/auth/login","service":"auth-service","timestamp":"2025-12-19T11:35:46.994Z"}
{"level":"info","message":"Request body , [object Object]","service":"auth-service","timestamp":"2025-12-19T11:35:46.995Z"}
{"level":"info","message":"Login endpoint hit...","service":"auth-service","timestamp":"2025-12-19T11:35:46.998Z"}
{"level":"info","message":"Received POST request to /api/auth/refresh-token","service":"auth-service","timestamp":"2025-12-19T11:35:57.534Z"}
{"level":"info","message":"Request body , [object Object]","service":"auth-service","timestamp":"2025-12-19T11:35:57.534Z"}
{"level":"info","message":"Refresh token endpoint hit...","service":"auth-service","timestamp":"2025-12-19T11:35:57.539Z"}
{"level":"warn","message":"Invalid or expired refresh token","service":"auth-service","timestamp":"2025-12-19T11:35:57.598Z"}
{"level":"info","message":"Received POST request to /api/auth/refresh-token","service":"auth-service","timestamp":"2025-12-19T11:36:21.905Z"}
{"level":"info","message":"Request body , [object Object]","service":"auth-service","timestamp":"2025-12-19T11:36:21.905Z"}
{"level":"info","message":"Refresh token endpoint hit...","service":"auth-service","timestamp":"2025-12-19T11:36:21.907Z"}
{"level":"info","message":"Received POST request to /api/auth/logout","service":"auth-service","timestamp":"2025-12-19T11:39:09.422Z"}
{"level":"info","message":"Request body , [object Object]","service":"auth-service","timestamp":"2025-12-19T11:39:09.423Z"}
{"level":"info","message":"Logout endpoint hit...","service":"auth-service","timestamp":"2025-12-19T11:39:09.425Z"}
{"level":"info","message":"Refresh token deleted for logout","service":"auth-service","timestamp":"2025-12-19T11:39:09.494Z"}
{"level":"info","message":"Auth server is running on port 3001","service":"auth-service","timestamp":"2025-12-21T11:44:53.635Z"}
{"level":"info","message":"database connected ac-etd0hrc-shard-00-00.ei9nj2n.mongodb.net","service":"auth-service","timestamp":"2025-12-21T11:44:54.869Z"}
{"level":"info","message":"Received POST request to /api/auth/login","service":"auth-service","timestamp":"2025-12-21T11:45:01.331Z"}
{"level":"info","message":"Request body , [object Object]","service":"auth-service","timestamp":"2025-12-21T11:45:01.332Z"}
{"level":"info","message":"Login endpoint hit...","service":"auth-service","timestamp":"2025-12-21T11:45:01.342Z"}
{"level":"info","message":"Received POST request to /api/auth/login","service":"auth-service","timestamp":"2025-12-21T12:01:23.679Z"}
{"level":"info","message":"Request body , [object Object]","service":"auth-service","timestamp":"2025-12-21T12:01:23.681Z"}
{"level":"info","message":"Login endpoint hit...","service":"auth-service","timestamp":"2025-12-21T12:01:23.684Z"}
{"level":"info","message":"Received POST request to /api/auth/login","service":"auth-service","timestamp":"2025-12-21T12:17:45.879Z"}
{"level":"info","message":"Request body , [object Object]","service":"auth-service","timestamp":"2025-12-21T12:17:45.882Z"}
{"level":"info","message":"Login endpoint hit...","service":"auth-service","timestamp":"2025-12-21T12:17:45.887Z"}
{"level":"info","message":"Received POST request to /api/auth/login","service":"auth-service","timestamp":"2025-12-21T12:36:02.613Z"}
{"level":"info","message":"Request body , [object Object]","service":"auth-service","timestamp":"2025-12-21T12:36:02.618Z"}
{"level":"info","message":"Login endpoint hit...","service":"auth-service","timestamp":"2025-12-21T12:36:02.623Z"}
{"level":"info","message":"Auth server is running on port 3001","service":"auth-service","timestamp":"2025-12-21T12:41:19.874Z"}
{"level":"info","message":"database connected ac-etd0hrc-shard-00-00.ei9nj2n.mongodb.net","service":"auth-service","timestamp":"2025-12-21T12:41:20.862Z"}
{"level":"info","message":"Received POST request to /api/auth/login","service":"auth-service","timestamp":"2025-12-21T12:41:46.482Z"}
{"level":"info","message":"Request body , [object Object]","service":"auth-service","timestamp":"2025-12-21T12:41:46.484Z"}
{"level":"info","message":"Login endpoint hit...","service":"auth-service","timestamp":"2025-12-21T12:41:46.493Z"}
{"level":"info","message":"Auth server is running on port 3001","service":"auth-service","timestamp":"2025-12-21T12:46:47.837Z"}
{"level":"info","message":"database connected ac-etd0hrc-shard-00-00.ei9nj2n.mongodb.net","service":"auth-service","timestamp":"2025-12-21T12:46:49.030Z"}
{"level":"info","message":"Received POST request to /api/auth/login","service":"auth-service","timestamp":"2025-12-21T12:47:09.777Z"}
{"level":"info","message":"Request body , [object Object]","service":"auth-service","timestamp":"2025-12-21T12:47:09.780Z"}
{"level":"info","message":"Login endpoint hit...","service":"auth-service","timestamp":"2025-12-21T12:47:09.790Z"}
{"level":"info","message":"Auth server is running on port 3001","service":"auth-service","timestamp":"2025-12-21T13:10:18.843Z"}
{"level":"info","message":"database connected ac-etd0hrc-shard-00-01.ei9nj2n.mongodb.net","service":"auth-service","timestamp":"2025-12-21T13:10:19.522Z"}
{"level":"info","message":"Received POST request to /api/auth/login","service":"auth-service","timestamp":"2025-12-21T13:10:50.415Z"}
{"level":"info","message":"Request body , [object Object]","service":"auth-service","timestamp":"2025-12-21T13:10:50.416Z"}
{"level":"info","message":"Login endpoint hit...","service":"auth-service","timestamp":"2025-12-21T13:10:50.423Z"}
{"level":"info","message":"Auth server is running on port 3001","service":"auth-service","timestamp":"2025-12-22T07:48:35.175Z"}
{"level":"info","message":"database connected ac-etd0hrc-shard-00-01.ei9nj2n.mongodb.net","service":"auth-service","timestamp":"2025-12-22T07:48:35.856Z"}
{"level":"info","message":"Received POST request to /api/auth/login","service":"auth-service","timestamp":"2025-12-22T07:49:09.431Z"}
{"level":"info","message":"Request body , [object Object]","service":"auth-service","timestamp":"2025-12-22T07:49:09.433Z"}
{"level":"info","message":"Login endpoint hit...","service":"auth-service","timestamp":"2025-12-22T07:49:09.440Z"}
{"level":"info","message":"Received POST request to /api/auth/login","service":"auth-service","timestamp":"2025-12-22T08:19:26.393Z"}
{"level":"info","message":"Request body , [object Object]","service":"auth-service","timestamp":"2025-12-22T08:19:26.401Z"}
{"level":"info","message":"Login endpoint hit...","service":"auth-service","timestamp":"2025-12-22T08:19:26.414Z"}
{"level":"info","message":"Auth server is running on port 3001","service":"auth-service","timestamp":"2025-12-23T15:37:17.094Z"}
{"level":"info","message":"database connected ac-etd0hrc-shard-00-02.ei9nj2n.mongodb.net","service":"auth-service","timestamp":"2025-12-23T15:37:17.989Z"}
{"level":"info","message":"Received POST request to /api/auth/login","service":"auth-service","timestamp":"2025-12-23T15:38:09.035Z"}
{"level":"info","message":"Request body , [object Object]","service":"auth-service","timestamp":"2025-12-23T15:38:09.036Z"}
{"level":"info","message":"Login endpoint hit...","service":"auth-service","timestamp":"2025-12-23T15:38:09.045Z"}
{"level":"info","message":"Auth server is running on port 3001","service":"auth-service","timestamp":"2025-12-24T09:15:07.766Z"}
{"level":"info","message":"database connected ac-etd0hrc-shard-00-00.ei9nj2n.mongodb.net","service":"auth-service","timestamp":"2025-12-24T09:15:08.480Z"}
{"level":"info","message":"Received POST request to /api/auth/login","service":"auth-service","timestamp":"2025-12-24T09:15:10.328Z"}
{"level":"info","message":"Request body , [object Object]","service":"auth-service","timestamp":"2025-12-24T09:15:10.329Z"}
{"level":"info","message":"Login endpoint hit...","service":"auth-service","timestamp":"2025-12-24T09:15:10.334Z"}
{"level":"info","message":"Received DELETE request to /api/auth/posts/69490130ceb6a651311e30d2","service":"auth-service","timestamp":"2025-12-24T09:16:26.196Z"}
{"level":"info","message":"Request body , [object Object]","service":"auth-service","timestamp":"2025-12-24T09:16:26.197Z"}
{"level":"error","service":"auth-service","timestamp":"2025-12-24T09:16:26.200Z"}
{"level":"info","message":"Received DELETE request to /api/auth/posts/6949011537d51ffd352288e3","service":"auth-service","timestamp":"2025-12-24T09:17:08.823Z"}
{"level":"info","message":"Request body , [object Object]","service":"auth-service","timestamp":"2025-12-24T09:17:08.824Z"}
{"level":"error","service":"auth-service","timestamp":"2025-12-24T09:17:08.828Z"}
{"level":"info","message":"Received DELETE request to /api/auth/posts/6949011537d51ffd352288e3","service":"auth-service","timestamp":"2025-12-24T09:17:10.076Z"}
{"level":"info","message":"Request body , [object Object]","service":"auth-service","timestamp":"2025-12-24T09:17:10.076Z"}
{"level":"error","service":"auth-service","timestamp":"2025-12-24T09:17:10.077Z"}
{"level":"info","message":"Received DELETE request to /api/auth/posts/6949011537d51ffd352288e3","service":"auth-service","timestamp":"2025-12-24T09:17:10.294Z"}
{"level":"info","message":"Request body , [object Object]","service":"auth-service","timestamp":"2025-12-24T09:17:10.295Z"}
{"level":"error","service":"auth-service","timestamp":"2025-12-24T09:17:10.297Z"}
{"level":"info","message":"Received DELETE request to /api/auth/posts/6949011537d51ffd352288e3","service":"auth-service","timestamp":"2025-12-24T09:17:10.499Z"}
{"level":"info","message":"Request body , [object Object]","service":"auth-service","timestamp":"2025-12-24T09:17:10.500Z"}
{"level":"error","service":"auth-service","timestamp":"2025-12-24T09:17:10.502Z"}
{"level":"info","message":"Received DELETE request to /api/auth/posts/6949011537d51ffd352288e3","service":"auth-service","timestamp":"2025-12-24T09:17:10.713Z"}
{"level":"info","message":"Request body , [object Object]","service":"auth-service","timestamp":"2025-12-24T09:17:10.713Z"}
{"level":"error","service":"auth-service","timestamp":"2025-12-24T09:17:10.717Z"}
{"level":"info","message":"Received DELETE request to /api/auth/posts/6949011537d51ffd352288e3","service":"auth-service","timestamp":"2025-12-24T09:17:10.913Z"}
{"level":"info","message":"Request body , [object Object]","service":"auth-service","timestamp":"2025-12-24T09:17:10.914Z"}
{"level":"error","service":"auth-service","timestamp":"2025-12-24T09:17:10.917Z"}
{"level":"info","message":"Received DELETE request to /api/auth/posts/6949011537d51ffd352288e3","service":"auth-service","timestamp":"2025-12-24T09:17:11.119Z"}
{"level":"info","message":"Request body , [object Object]","service":"auth-service","timestamp":"2025-12-24T09:17:11.120Z"}
{"level":"error","service":"auth-service","timestamp":"2025-12-24T09:17:11.124Z"}
{"level":"info","message":"Received DELETE request to /api/auth/posts/6949011537d51ffd352288e3","service":"auth-service","timestamp":"2025-12-24T09:17:11.289Z"}
{"level":"info","message":"Request body , [object Object]","service":"auth-service","timestamp":"2025-12-24T09:17:11.289Z"}
{"level":"error","service":"auth-service","timestamp":"2025-12-24T09:17:11.292Z"}
{"level":"info","message":"Received DELETE request to /api/auth/posts/6949011537d51ffd352288e3","service":"auth-service","timestamp":"2025-12-24T09:17:11.536Z"}
{"level":"info","message":"Request body , [object Object]","service":"auth-service","timestamp":"2025-12-24T09:17:11.537Z"}
{"level":"error","service":"auth-service","timestamp":"2025-12-24T09:17:11.538Z"}
{"level":"info","message":"Received DELETE request to /api/auth/posts/6949011537d51ffd352288e3","service":"auth-service","timestamp":"2025-12-24T09:18:11.362Z"}
{"level":"info","message":"Request body , [object Object]","service":"auth-service","timestamp":"2025-12-24T09:18:11.363Z"}
{"level":"error","service":"auth-service","timestamp":"2025-12-24T09:18:11.365Z"}
{"level":"info","message":"Received DELETE request to /api/auth/posts/6949011537d51ffd352288e3","service":"auth-service","timestamp":"2025-12-24T09:18:21.327Z"}
{"level":"info","message":"Request body , [object Object]","service":"auth-service","timestamp":"2025-12-24T09:18:21.328Z"}
{"level":"error","service":"auth-service","timestamp":"2025-12-24T09:18:21.329Z"}
{"level":"info","message":"Received DELETE request to /api/auth/posts/6949011537d51ffd352288e3","service":"auth-service","timestamp":"2025-12-24T09:20:38.430Z"}
{"level":"info","message":"Request body , [object Object]","service":"auth-service","timestamp":"2025-12-24T09:20:38.431Z"}
{"level":"error","service":"auth-service","timestamp":"2025-12-24T09:20:38.432Z"}
{"level":"info","message":"Received DELETE request to /api/auth/posts/6949011537d51ffd352288e3","service":"auth-service","timestamp":"2025-12-24T09:20:39.929Z"}
{"level":"info","message":"Request body , [object Object]","service":"auth-service","timestamp":"2025-12-24T09:20:39.929Z"}
{"level":"error","service":"auth-service","timestamp":"2025-12-24T09:20:39.930Z"}
{"level":"info","message":"Received DELETE request to /api/auth/posts/6949011537d51ffd352288e3","service":"auth-service","timestamp":"2025-12-24T09:20:40.176Z"}
{"level":"info","message":"Request body , [object Object]","service":"auth-service","timestamp":"2025-12-24T09:20:40.177Z"}
{"level":"error","service":"auth-service","timestamp":"2025-12-24T09:20:40.180Z"}
{"level":"info","message":"Received DELETE request to /api/auth/posts/6949011537d51ffd352288e3","service":"auth-service","timestamp":"2025-12-24T09:20:40.389Z"}
{"level":"info","message":"Request body , [object Object]","service":"auth-service","timestamp":"2025-12-24T09:20:40.390Z"}
{"level":"error","service":"auth-service","timestamp":"2025-12-24T09:20:40.392Z"}
{"level":"info","message":"Received DELETE request to /api/auth/posts/6949011537d51ffd352288e3","service":"auth-service","timestamp":"2025-12-24T09:20:40.643Z"}
{"level":"info","message":"Request body , [object Object]","service":"auth-service","timestamp":"2025-12-24T09:20:40.643Z"}
{"level":"error","service":"auth-service","timestamp":"2025-12-24T09:20:40.644Z"}
{"level":"info","message":"Received DELETE request to /api/auth/posts/6949011537d51ffd352288e3","service":"auth-service","timestamp":"2025-12-24T09:23:11.436Z"}
{"level":"info","message":"Request body , [object Object]","service":"auth-service","timestamp":"2025-12-24T09:23:11.437Z"}
{"level":"error","service":"auth-service","timestamp":"2025-12-24T09:23:11.439Z"}
{"level":"info","message":"Received DELETE request to /api/auth/posts/6949011537d51ffd352288e3","service":"auth-service","timestamp":"2025-12-24T09:26:23.077Z"}
{"level":"info","message":"Request body , [object Object]","service":"auth-service","timestamp":"2025-12-24T09:26:23.078Z"}
{"level":"error","service":"auth-service","timestamp":"2025-12-24T09:26:23.079Z"}
{"level":"info","message":"Received DELETE request to /api/auth/posts/6949011537d51ffd352288e3","service":"auth-service","timestamp":"2025-12-24T09:27:12.019Z"}
{"level":"info","message":"Request body , [object Object]","service":"auth-service","timestamp":"2025-12-24T09:27:12.020Z"}
{"level":"error","service":"auth-service","timestamp":"2025-12-24T09:27:12.021Z"}
{"level":"info","message":"Received DELETE request to /api/auth/posts/6949011537d51ffd352288e3","service":"auth-service","timestamp":"2025-12-24T09:27:33.699Z"}
{"level":"info","message":"Request body , [object Object]","service":"auth-service","timestamp":"2025-12-24T09:27:33.700Z"}
{"level":"error","service":"auth-service","timestamp":"2025-12-24T09:27:33.702Z"}
{"level":"info","message":"Received DELETE request to /api/auth/posts/6949011537d51ffd352288e3","service":"auth-service","timestamp":"2025-12-24T09:27:40.151Z"}
{"level":"info","message":"Request body , [object Object]","service":"auth-service","timestamp":"2025-12-24T09:27:40.151Z"}
{"level":"error","service":"auth-service","timestamp":"2025-12-24T09:27:40.152Z"}
{"level":"info","message":"Received DELETE request to /api/auth/posts/6949011537d51ffd352288e3","service":"auth-service","timestamp":"2025-12-24T09:29:01.005Z"}
{"level":"info","message":"Request body , [object Object]","service":"auth-service","timestamp":"2025-12-24T09:29:01.005Z"}
{"level":"error","service":"auth-service","timestamp":"2025-12-24T09:29:01.007Z"}
{"level":"info","message":"Auth server is running on port 3001","service":"auth-service","timestamp":"2025-12-29T09:18:55.468Z"}
{"level":"info","message":"database connected ac-etd0hrc-shard-00-00.ei9nj2n.mongodb.net","service":"auth-service","timestamp":"2025-12-29T09:18:58.772Z"}
{"level":"info","message":"Received POST request to /api/auth/login","service":"auth-service","timestamp":"2025-12-29T09:20:08.789Z"}
{"level":"info","message":"Request body , [object Object]","service":"auth-service","timestamp":"2025-12-29T09:20:08.790Z"}
{"level":"info","message":"Login endpoint hit...","service":"auth-service","timestamp":"2025-12-29T09:20:08.803Z"}
{"level":"info","message":"Received POST request to /api/auth/login","service":"auth-service","timestamp":"2025-12-29T10:22:31.733Z"}
{"level":"info","message":"Request body , [object Object]","service":"auth-service","timestamp":"2025-12-29T10:22:31.743Z"}
{"level":"info","message":"Login endpoint hit...","service":"auth-service","timestamp":"2025-12-29T10:22:31.755Z"}
{"level":"info","message":"Auth server is running on port 3001","service":"auth-service","timestamp":"2025-12-30T10:07:55.863Z"}
{"level":"info","message":"database connected ac-etd0hrc-shard-00-01.ei9nj2n.mongodb.net","service":"auth-service","timestamp":"2025-12-30T10:07:56.516Z"}
{"level":"info","message":"Received POST request to /api/auth/login","service":"auth-service","timestamp":"2025-12-30T10:08:24.632Z"}
{"level":"info","message":"Request body , [object Object]","service":"auth-service","timestamp":"2025-12-30T10:08:24.632Z"}
{"level":"info","message":"Login endpoint hit...","service":"auth-service","timestamp":"2025-12-30T10:08:24.639Z"}
{"level":"info","message":"Received POST request to /api/auth/login","service":"auth-service","timestamp":"2025-12-30T10:09:08.737Z"}
{"level":"info","message":"Request body , [object Object]","service":"auth-service","timestamp":"2025-12-30T10:09:08.737Z"}
{"level":"info","message":"Login endpoint hit...","service":"auth-service","timestamp":"2025-12-30T10:09:08.742Z"}
{"level":"info","message":"Auth server is running on port 3001","service":"auth-service","timestamp":"2025-12-31T11:58:19.119Z"}
{"level":"info","message":"database connected ac-etd0hrc-shard-00-02.ei9nj2n.mongodb.net","service":"auth-service","timestamp":"2025-12-31T11:58:20.269Z"}
{"level":"info","message":"Received POST request to /api/auth/login","service":"auth-service","timestamp":"2025-12-31T11:59:47.484Z"}
{"level":"info","message":"Request body , [object Object]","service":"auth-service","timestamp":"2025-12-31T11:59:47.485Z"}
{"level":"info","message":"Login endpoint hit...","service":"auth-service","timestamp":"2025-12-31T11:59:47.493Z"}
